2024-11-30T00:05:57.390+08:00  WARN 8548 --- [springmvc] [HikariPool-1 housekeeper] com.zaxxer.hikari.pool.HikariPool        : HikariPool-1 - Thread starvation or clock leap detected (housekeeper delta=26m20s344ms533µs500ns).
2024-11-30T13:59:11.099+08:00  WARN 8548 --- [springmvc] [HikariPool-1 housekeeper] com.zaxxer.hikari.pool.HikariPool        : HikariPool-1 - Thread starvation or clock leap detected (housekeeper delta=11h49m17s2ms6µs300ns).
2024-11-30T14:07:41.744+08:00  INFO 8548 --- [springmvc] [RMI TCP Connection(222)-127.0.0.1] inMXBeanRegistrar$SpringApplicationAdmin : Application shutdown requested.
2024-11-30T14:07:41.946+08:00  INFO 8548 --- [springmvc] [RMI TCP Connection(222)-127.0.0.1] j.LocalContainerEntityManagerFactoryBean : Closing JPA EntityManagerFactory for persistence unit 'default'
2024-11-30T14:07:41.992+08:00  INFO 8548 --- [springmvc] [RMI TCP Connection(222)-127.0.0.1] com.zaxxer.hikari.HikariDataSource       : HikariPool-1 - Shutdown initiated...
2024-11-30T14:07:42.000+08:00  INFO 8548 --- [springmvc] [RMI TCP Connection(222)-127.0.0.1] com.zaxxer.hikari.HikariDataSource       : HikariPool-1 - Shutdown completed.
2024-11-30T14:07:48.153+08:00  INFO 26996 --- [springmvc] [main] q.SpringbootQuerySystemApplication       : Starting SpringbootQuerySystemApplication using Java 21.0.5 with PID 26996 (C:\Users\USER\SpringProject\springboot-QuerySystem\target\classes started by USER in C:\Users\USER\SpringProject\springboot-QuerySystem)
2024-11-30T14:07:48.155+08:00  INFO 26996 --- [springmvc] [main] q.SpringbootQuerySystemApplication       : No active profile set, falling back to 1 default profile: "default"
2024-11-30T14:07:48.744+08:00  INFO 26996 --- [springmvc] [main] .s.d.r.c.RepositoryConfigurationDelegate : Multiple Spring Data modules found, entering strict repository configuration mode
2024-11-30T14:07:48.745+08:00  INFO 26996 --- [springmvc] [main] .s.d.r.c.RepositoryConfigurationDelegate : Bootstrapping Spring Data JPA repositories in DEFAULT mode.
2024-11-30T14:07:48.793+08:00  INFO 26996 --- [springmvc] [main] .s.d.r.c.RepositoryConfigurationDelegate : Finished Spring Data repository scanning in 41 ms. Found 3 JPA repository interfaces.
2024-11-30T14:07:48.974+08:00  INFO 26996 --- [springmvc] [main] .s.d.r.c.RepositoryConfigurationDelegate : Multiple Spring Data modules found, entering strict repository configuration mode
2024-11-30T14:07:48.975+08:00  INFO 26996 --- [springmvc] [main] .s.d.r.c.RepositoryConfigurationDelegate : Bootstrapping Spring Data JDBC repositories in DEFAULT mode.
2024-11-30T14:07:48.993+08:00  INFO 26996 --- [springmvc] [main] .RepositoryConfigurationExtensionSupport : Spring Data JDBC - Could not safely identify store assignment for repository candidate interface querysystem.repository.OrderRepository; If you want this repository to be a JDBC repository, consider annotating your entities with one of these annotations: org.springframework.data.relational.core.mapping.Table.
2024-11-30T14:07:48.993+08:00  INFO 26996 --- [springmvc] [main] .RepositoryConfigurationExtensionSupport : Spring Data JDBC - Could not safely identify store assignment for repository candidate interface querysystem.repository.ProductRepository; If you want this repository to be a JDBC repository, consider annotating your entities with one of these annotations: org.springframework.data.relational.core.mapping.Table.
2024-11-30T14:07:48.993+08:00  INFO 26996 --- [springmvc] [main] .RepositoryConfigurationExtensionSupport : Spring Data JDBC - Could not safely identify store assignment for repository candidate interface querysystem.repository.UserRepository; If you want this repository to be a JDBC repository, consider annotating your entities with one of these annotations: org.springframework.data.relational.core.mapping.Table.
2024-11-30T14:07:48.993+08:00  INFO 26996 --- [springmvc] [main] .s.d.r.c.RepositoryConfigurationDelegate : Finished Spring Data repository scanning in 18 ms. Found 0 JDBC repository interfaces.
2024-11-30T14:07:49.478+08:00  INFO 26996 --- [springmvc] [main] o.s.b.w.embedded.tomcat.TomcatWebServer  : Tomcat initialized with port 8081 (http)
2024-11-30T14:07:49.493+08:00  INFO 26996 --- [springmvc] [main] o.apache.catalina.core.StandardService   : Starting service [Tomcat]
2024-11-30T14:07:49.494+08:00  INFO 26996 --- [springmvc] [main] o.apache.catalina.core.StandardEngine    : Starting Servlet engine: [Apache Tomcat/10.1.33]
2024-11-30T14:07:49.734+08:00  INFO 26996 --- [springmvc] [main] org.apache.jasper.servlet.TldScanner     : At least one JAR was scanned for TLDs yet contained no TLDs. Enable debug logging for this logger for a complete list of JARs that were scanned but no TLDs were found in them. Skipping unneeded JARs during scanning can improve startup time and JSP compilation time.
2024-11-30T14:07:49.741+08:00  INFO 26996 --- [springmvc] [main] o.a.c.c.C.[Tomcat].[localhost].[/]       : Initializing Spring embedded WebApplicationContext
2024-11-30T14:07:49.742+08:00  INFO 26996 --- [springmvc] [main] w.s.c.ServletWebServerApplicationContext : Root WebApplicationContext: initialization completed in 1532 ms
2024-11-30T14:07:49.895+08:00  INFO 26996 --- [springmvc] [main] o.hibernate.jpa.internal.util.LogHelper  : HHH000204: Processing PersistenceUnitInfo [name: default]
2024-11-30T14:07:49.968+08:00  INFO 26996 --- [springmvc] [main] org.hibernate.Version                    : HHH000412: Hibernate ORM core version 6.5.3.Final
2024-11-30T14:07:50.007+08:00  INFO 26996 --- [springmvc] [main] o.h.c.internal.RegionFactoryInitiator    : HHH000026: Second-level cache disabled
2024-11-30T14:07:50.350+08:00  INFO 26996 --- [springmvc] [main] o.s.o.j.p.SpringPersistenceUnitInfo      : No LoadTimeWeaver setup: ignoring JPA class transformer
2024-11-30T14:07:50.388+08:00  INFO 26996 --- [springmvc] [main] com.zaxxer.hikari.HikariDataSource       : HikariPool-1 - Starting...
2024-11-30T14:07:50.582+08:00  INFO 26996 --- [springmvc] [main] com.zaxxer.hikari.pool.HikariPool        : HikariPool-1 - Added connection com.mysql.cj.jdbc.ConnectionImpl@63e70bf9
2024-11-30T14:07:50.585+08:00  INFO 26996 --- [springmvc] [main] com.zaxxer.hikari.HikariDataSource       : HikariPool-1 - Start completed.
2024-11-30T14:07:51.665+08:00  INFO 26996 --- [springmvc] [main] o.h.e.t.j.p.i.JtaPlatformInitiator       : HHH000489: No JTA platform available (set 'hibernate.transaction.jta.platform' to enable JTA platform integration)
2024-11-30T14:07:51.720+08:00  INFO 26996 --- [springmvc] [main] j.LocalContainerEntityManagerFactoryBean : Initialized JPA EntityManagerFactory for persistence unit 'default'
2024-11-30T14:07:52.127+08:00  INFO 26996 --- [springmvc] [main] o.s.d.j.r.query.QueryEnhancerFactory     : Hibernate is in classpath; If applicable, HQL parser will be used.
2024-11-30T14:07:52.824+08:00  WARN 26996 --- [springmvc] [main] JpaBaseConfiguration$JpaWebConfiguration : spring.jpa.open-in-view is enabled by default. Therefore, database queries may be performed during view rendering. Explicitly configure spring.jpa.open-in-view to disable this warning
2024-11-30T14:07:53.243+08:00  INFO 26996 --- [springmvc] [main] o.s.b.w.embedded.tomcat.TomcatWebServer  : Tomcat started on port 8081 (http) with context path '/'
2024-11-30T14:07:53.250+08:00  INFO 26996 --- [springmvc] [main] q.SpringbootQuerySystemApplication       : Started SpringbootQuerySystemApplication in 5.495 seconds (process running for 9.598)
2024-11-30T14:08:04.223+08:00  INFO 26996 --- [springmvc] [http-nio-8081-exec-1] o.a.c.c.C.[Tomcat].[localhost].[/]       : Initializing Spring DispatcherServlet 'dispatcherServlet'
2024-11-30T14:08:04.224+08:00  INFO 26996 --- [springmvc] [http-nio-8081-exec-1] o.s.web.servlet.DispatcherServlet        : Initializing Servlet 'dispatcherServlet'
2024-11-30T14:08:04.225+08:00  INFO 26996 --- [springmvc] [http-nio-8081-exec-1] o.s.web.servlet.DispatcherServlet        : Completed initialization in 1 ms
2024-11-30T14:17:47.265+08:00  INFO 26996 --- [springmvc] [RMI TCP Connection(20)-127.0.0.1] inMXBeanRegistrar$SpringApplicationAdmin : Application shutdown requested.
2024-11-30T14:17:47.281+08:00  INFO 26996 --- [springmvc] [RMI TCP Connection(20)-127.0.0.1] j.LocalContainerEntityManagerFactoryBean : Closing JPA EntityManagerFactory for persistence unit 'default'
2024-11-30T14:17:47.283+08:00  INFO 26996 --- [springmvc] [RMI TCP Connection(20)-127.0.0.1] com.zaxxer.hikari.HikariDataSource       : HikariPool-1 - Shutdown initiated...
2024-11-30T14:17:47.291+08:00  INFO 26996 --- [springmvc] [RMI TCP Connection(20)-127.0.0.1] com.zaxxer.hikari.HikariDataSource       : HikariPool-1 - Shutdown completed.
2024-11-30T14:17:52.856+08:00  INFO 43000 --- [springmvc] [main] q.SpringbootQuerySystemApplication       : Starting SpringbootQuerySystemApplication using Java 21.0.5 with PID 43000 (C:\Users\USER\SpringProject\springboot-QuerySystem\target\classes started by USER in C:\Users\USER\SpringProject\springboot-QuerySystem)
2024-11-30T14:17:52.857+08:00  INFO 43000 --- [springmvc] [main] q.SpringbootQuerySystemApplication       : No active profile set, falling back to 1 default profile: "default"
2024-11-30T14:17:53.528+08:00  INFO 43000 --- [springmvc] [main] .s.d.r.c.RepositoryConfigurationDelegate : Multiple Spring Data modules found, entering strict repository configuration mode
2024-11-30T14:17:53.529+08:00  INFO 43000 --- [springmvc] [main] .s.d.r.c.RepositoryConfigurationDelegate : Bootstrapping Spring Data JPA repositories in DEFAULT mode.
2024-11-30T14:17:53.580+08:00  INFO 43000 --- [springmvc] [main] .s.d.r.c.RepositoryConfigurationDelegate : Finished Spring Data repository scanning in 44 ms. Found 3 JPA repository interfaces.
2024-11-30T14:17:53.766+08:00  INFO 43000 --- [springmvc] [main] .s.d.r.c.RepositoryConfigurationDelegate : Multiple Spring Data modules found, entering strict repository configuration mode
2024-11-30T14:17:53.766+08:00  INFO 43000 --- [springmvc] [main] .s.d.r.c.RepositoryConfigurationDelegate : Bootstrapping Spring Data JDBC repositories in DEFAULT mode.
2024-11-30T14:17:53.783+08:00  INFO 43000 --- [springmvc] [main] .RepositoryConfigurationExtensionSupport : Spring Data JDBC - Could not safely identify store assignment for repository candidate interface querysystem.repository.OrderRepository; If you want this repository to be a JDBC repository, consider annotating your entities with one of these annotations: org.springframework.data.relational.core.mapping.Table.
2024-11-30T14:17:53.783+08:00  INFO 43000 --- [springmvc] [main] .RepositoryConfigurationExtensionSupport : Spring Data JDBC - Could not safely identify store assignment for repository candidate interface querysystem.repository.ProductRepository; If you want this repository to be a JDBC repository, consider annotating your entities with one of these annotations: org.springframework.data.relational.core.mapping.Table.
2024-11-30T14:17:53.783+08:00  INFO 43000 --- [springmvc] [main] .RepositoryConfigurationExtensionSupport : Spring Data JDBC - Could not safely identify store assignment for repository candidate interface querysystem.repository.UserRepository; If you want this repository to be a JDBC repository, consider annotating your entities with one of these annotations: org.springframework.data.relational.core.mapping.Table.
2024-11-30T14:17:53.783+08:00  INFO 43000 --- [springmvc] [main] .s.d.r.c.RepositoryConfigurationDelegate : Finished Spring Data repository scanning in 17 ms. Found 0 JDBC repository interfaces.
2024-11-30T14:17:54.266+08:00  INFO 43000 --- [springmvc] [main] o.s.b.w.embedded.tomcat.TomcatWebServer  : Tomcat initialized with port 8081 (http)
2024-11-30T14:17:54.283+08:00  INFO 43000 --- [springmvc] [main] o.apache.catalina.core.StandardService   : Starting service [Tomcat]
2024-11-30T14:17:54.284+08:00  INFO 43000 --- [springmvc] [main] o.apache.catalina.core.StandardEngine    : Starting Servlet engine: [Apache Tomcat/10.1.33]
2024-11-30T14:17:54.506+08:00  INFO 43000 --- [springmvc] [main] org.apache.jasper.servlet.TldScanner     : At least one JAR was scanned for TLDs yet contained no TLDs. Enable debug logging for this logger for a complete list of JARs that were scanned but no TLDs were found in them. Skipping unneeded JARs during scanning can improve startup time and JSP compilation time.
2024-11-30T14:17:54.514+08:00  INFO 43000 --- [springmvc] [main] o.a.c.c.C.[Tomcat].[localhost].[/]       : Initializing Spring embedded WebApplicationContext
2024-11-30T14:17:54.514+08:00  INFO 43000 --- [springmvc] [main] w.s.c.ServletWebServerApplicationContext : Root WebApplicationContext: initialization completed in 1607 ms
2024-11-30T14:17:54.660+08:00  INFO 43000 --- [springmvc] [main] o.hibernate.jpa.internal.util.LogHelper  : HHH000204: Processing PersistenceUnitInfo [name: default]
2024-11-30T14:17:54.718+08:00  INFO 43000 --- [springmvc] [main] org.hibernate.Version                    : HHH000412: Hibernate ORM core version 6.5.3.Final
2024-11-30T14:17:54.756+08:00  INFO 43000 --- [springmvc] [main] o.h.c.internal.RegionFactoryInitiator    : HHH000026: Second-level cache disabled
2024-11-30T14:17:55.048+08:00  INFO 43000 --- [springmvc] [main] o.s.o.j.p.SpringPersistenceUnitInfo      : No LoadTimeWeaver setup: ignoring JPA class transformer
2024-11-30T14:17:55.077+08:00  INFO 43000 --- [springmvc] [main] com.zaxxer.hikari.HikariDataSource       : HikariPool-1 - Starting...
2024-11-30T14:17:55.238+08:00  INFO 43000 --- [springmvc] [main] com.zaxxer.hikari.pool.HikariPool        : HikariPool-1 - Added connection com.mysql.cj.jdbc.ConnectionImpl@5fe5c68b
2024-11-30T14:17:55.240+08:00  INFO 43000 --- [springmvc] [main] com.zaxxer.hikari.HikariDataSource       : HikariPool-1 - Start completed.
2024-11-30T14:17:56.078+08:00  INFO 43000 --- [springmvc] [main] o.h.e.t.j.p.i.JtaPlatformInitiator       : HHH000489: No JTA platform available (set 'hibernate.transaction.jta.platform' to enable JTA platform integration)
2024-11-30T14:17:56.126+08:00  INFO 43000 --- [springmvc] [main] j.LocalContainerEntityManagerFactoryBean : Initialized JPA EntityManagerFactory for persistence unit 'default'
2024-11-30T14:17:56.344+08:00  INFO 43000 --- [springmvc] [main] o.s.d.j.r.query.QueryEnhancerFactory     : Hibernate is in classpath; If applicable, HQL parser will be used.
2024-11-30T14:17:57.038+08:00  WARN 43000 --- [springmvc] [main] JpaBaseConfiguration$JpaWebConfiguration : spring.jpa.open-in-view is enabled by default. Therefore, database queries may be performed during view rendering. Explicitly configure spring.jpa.open-in-view to disable this warning
2024-11-30T14:17:57.450+08:00  INFO 43000 --- [springmvc] [main] o.s.b.w.embedded.tomcat.TomcatWebServer  : Tomcat started on port 8081 (http) with context path '/'
2024-11-30T14:17:57.457+08:00  INFO 43000 --- [springmvc] [main] q.SpringbootQuerySystemApplication       : Started SpringbootQuerySystemApplication in 5.005 seconds (process running for 8.999)
2024-11-30T14:18:02.296+08:00  INFO 43000 --- [springmvc] [http-nio-8081-exec-1] o.a.c.c.C.[Tomcat].[localhost].[/]       : Initializing Spring DispatcherServlet 'dispatcherServlet'
2024-11-30T14:18:02.296+08:00  INFO 43000 --- [springmvc] [http-nio-8081-exec-1] o.s.web.servlet.DispatcherServlet        : Initializing Servlet 'dispatcherServlet'
2024-11-30T14:18:02.297+08:00  INFO 43000 --- [springmvc] [http-nio-8081-exec-1] o.s.web.servlet.DispatcherServlet        : Completed initialization in 1 ms
2024-11-30T17:42:57.095+08:00  INFO 43000 --- [springmvc] [RMI TCP Connection(213)-127.0.0.1] inMXBeanRegistrar$SpringApplicationAdmin : Application shutdown requested.
2024-11-30T17:42:57.140+08:00  INFO 43000 --- [springmvc] [RMI TCP Connection(213)-127.0.0.1] j.LocalContainerEntityManagerFactoryBean : Closing JPA EntityManagerFactory for persistence unit 'default'
2024-11-30T17:42:57.148+08:00  INFO 43000 --- [springmvc] [RMI TCP Connection(213)-127.0.0.1] com.zaxxer.hikari.HikariDataSource       : HikariPool-1 - Shutdown initiated...
2024-11-30T17:42:57.152+08:00  INFO 43000 --- [springmvc] [RMI TCP Connection(213)-127.0.0.1] com.zaxxer.hikari.HikariDataSource       : HikariPool-1 - Shutdown completed.
2024-11-30T17:43:02.844+08:00  INFO 28364 --- [springmvc] [main] q.SpringbootQuerySystemApplication       : Starting SpringbootQuerySystemApplication using Java 21.0.5 with PID 28364 (C:\Users\USER\SpringProject\springboot-QuerySystem\target\classes started by USER in C:\Users\USER\SpringProject\springboot-QuerySystem)
2024-11-30T17:43:02.845+08:00  INFO 28364 --- [springmvc] [main] q.SpringbootQuerySystemApplication       : No active profile set, falling back to 1 default profile: "default"
2024-11-30T17:43:03.459+08:00  INFO 28364 --- [springmvc] [main] .s.d.r.c.RepositoryConfigurationDelegate : Multiple Spring Data modules found, entering strict repository configuration mode
2024-11-30T17:43:03.459+08:00  INFO 28364 --- [springmvc] [main] .s.d.r.c.RepositoryConfigurationDelegate : Bootstrapping Spring Data JPA repositories in DEFAULT mode.
2024-11-30T17:43:03.503+08:00  INFO 28364 --- [springmvc] [main] .s.d.r.c.RepositoryConfigurationDelegate : Finished Spring Data repository scanning in 38 ms. Found 3 JPA repository interfaces.
2024-11-30T17:43:03.661+08:00  INFO 28364 --- [springmvc] [main] .s.d.r.c.RepositoryConfigurationDelegate : Multiple Spring Data modules found, entering strict repository configuration mode
2024-11-30T17:43:03.662+08:00  INFO 28364 --- [springmvc] [main] .s.d.r.c.RepositoryConfigurationDelegate : Bootstrapping Spring Data JDBC repositories in DEFAULT mode.
2024-11-30T17:43:03.677+08:00  INFO 28364 --- [springmvc] [main] .RepositoryConfigurationExtensionSupport : Spring Data JDBC - Could not safely identify store assignment for repository candidate interface querysystem.repository.OrderRepository; If you want this repository to be a JDBC repository, consider annotating your entities with one of these annotations: org.springframework.data.relational.core.mapping.Table.
2024-11-30T17:43:03.677+08:00  INFO 28364 --- [springmvc] [main] .RepositoryConfigurationExtensionSupport : Spring Data JDBC - Could not safely identify store assignment for repository candidate interface querysystem.repository.ProductRepository; If you want this repository to be a JDBC repository, consider annotating your entities with one of these annotations: org.springframework.data.relational.core.mapping.Table.
2024-11-30T17:43:03.677+08:00  INFO 28364 --- [springmvc] [main] .RepositoryConfigurationExtensionSupport : Spring Data JDBC - Could not safely identify store assignment for repository candidate interface querysystem.repository.UserRepository; If you want this repository to be a JDBC repository, consider annotating your entities with one of these annotations: org.springframework.data.relational.core.mapping.Table.
2024-11-30T17:43:03.677+08:00  INFO 28364 --- [springmvc] [main] .s.d.r.c.RepositoryConfigurationDelegate : Finished Spring Data repository scanning in 15 ms. Found 0 JDBC repository interfaces.
2024-11-30T17:43:04.136+08:00  INFO 28364 --- [springmvc] [main] o.s.b.w.embedded.tomcat.TomcatWebServer  : Tomcat initialized with port 8081 (http)
2024-11-30T17:43:04.150+08:00  INFO 28364 --- [springmvc] [main] o.apache.catalina.core.StandardService   : Starting service [Tomcat]
2024-11-30T17:43:04.150+08:00  INFO 28364 --- [springmvc] [main] o.apache.catalina.core.StandardEngine    : Starting Servlet engine: [Apache Tomcat/10.1.33]
2024-11-30T17:43:04.364+08:00  INFO 28364 --- [springmvc] [main] org.apache.jasper.servlet.TldScanner     : At least one JAR was scanned for TLDs yet contained no TLDs. Enable debug logging for this logger for a complete list of JARs that were scanned but no TLDs were found in them. Skipping unneeded JARs during scanning can improve startup time and JSP compilation time.
2024-11-30T17:43:04.370+08:00  INFO 28364 --- [springmvc] [main] o.a.c.c.C.[Tomcat].[localhost].[/]       : Initializing Spring embedded WebApplicationContext
2024-11-30T17:43:04.370+08:00  INFO 28364 --- [springmvc] [main] w.s.c.ServletWebServerApplicationContext : Root WebApplicationContext: initialization completed in 1474 ms
2024-11-30T17:43:04.536+08:00  INFO 28364 --- [springmvc] [main] o.hibernate.jpa.internal.util.LogHelper  : HHH000204: Processing PersistenceUnitInfo [name: default]
2024-11-30T17:43:04.603+08:00  INFO 28364 --- [springmvc] [main] org.hibernate.Version                    : HHH000412: Hibernate ORM core version 6.5.3.Final
2024-11-30T17:43:04.647+08:00  INFO 28364 --- [springmvc] [main] o.h.c.internal.RegionFactoryInitiator    : HHH000026: Second-level cache disabled
2024-11-30T17:43:04.996+08:00  INFO 28364 --- [springmvc] [main] o.s.o.j.p.SpringPersistenceUnitInfo      : No LoadTimeWeaver setup: ignoring JPA class transformer
2024-11-30T17:43:05.035+08:00  INFO 28364 --- [springmvc] [main] com.zaxxer.hikari.HikariDataSource       : HikariPool-1 - Starting...
2024-11-30T17:43:05.226+08:00  INFO 28364 --- [springmvc] [main] com.zaxxer.hikari.pool.HikariPool        : HikariPool-1 - Added connection com.mysql.cj.jdbc.ConnectionImpl@79d49790
2024-11-30T17:43:05.228+08:00  INFO 28364 --- [springmvc] [main] com.zaxxer.hikari.HikariDataSource       : HikariPool-1 - Start completed.
2024-11-30T17:43:06.155+08:00  INFO 28364 --- [springmvc] [main] o.h.e.t.j.p.i.JtaPlatformInitiator       : HHH000489: No JTA platform available (set 'hibernate.transaction.jta.platform' to enable JTA platform integration)
2024-11-30T17:43:06.205+08:00  INFO 28364 --- [springmvc] [main] j.LocalContainerEntityManagerFactoryBean : Initialized JPA EntityManagerFactory for persistence unit 'default'
2024-11-30T17:43:06.413+08:00  INFO 28364 --- [springmvc] [main] o.s.d.j.r.query.QueryEnhancerFactory     : Hibernate is in classpath; If applicable, HQL parser will be used.
2024-11-30T17:43:07.059+08:00  WARN 28364 --- [springmvc] [main] JpaBaseConfiguration$JpaWebConfiguration : spring.jpa.open-in-view is enabled by default. Therefore, database queries may be performed during view rendering. Explicitly configure spring.jpa.open-in-view to disable this warning
2024-11-30T17:43:07.436+08:00  INFO 28364 --- [springmvc] [main] o.s.b.w.embedded.tomcat.TomcatWebServer  : Tomcat started on port 8081 (http) with context path '/'
2024-11-30T17:43:07.443+08:00  INFO 28364 --- [springmvc] [main] q.SpringbootQuerySystemApplication       : Started SpringbootQuerySystemApplication in 4.953 seconds (process running for 8.608)
2024-11-30T17:43:15.800+08:00  INFO 28364 --- [springmvc] [http-nio-8081-exec-1] o.a.c.c.C.[Tomcat].[localhost].[/]       : Initializing Spring DispatcherServlet 'dispatcherServlet'
2024-11-30T17:43:15.800+08:00  INFO 28364 --- [springmvc] [http-nio-8081-exec-1] o.s.web.servlet.DispatcherServlet        : Initializing Servlet 'dispatcherServlet'
2024-11-30T17:43:15.802+08:00  INFO 28364 --- [springmvc] [http-nio-8081-exec-1] o.s.web.servlet.DispatcherServlet        : Completed initialization in 1 ms
2024-11-30T18:00:23.673+08:00  INFO 28364 --- [springmvc] [RMI TCP Connection(27)-127.0.0.1] inMXBeanRegistrar$SpringApplicationAdmin : Application shutdown requested.
2024-11-30T18:00:23.685+08:00  INFO 28364 --- [springmvc] [RMI TCP Connection(27)-127.0.0.1] j.LocalContainerEntityManagerFactoryBean : Closing JPA EntityManagerFactory for persistence unit 'default'
2024-11-30T18:00:23.687+08:00  INFO 28364 --- [springmvc] [RMI TCP Connection(27)-127.0.0.1] com.zaxxer.hikari.HikariDataSource       : HikariPool-1 - Shutdown initiated...
2024-11-30T18:00:23.692+08:00  INFO 28364 --- [springmvc] [RMI TCP Connection(27)-127.0.0.1] com.zaxxer.hikari.HikariDataSource       : HikariPool-1 - Shutdown completed.
2024-11-30T22:47:59.992+08:00  INFO 38080 --- [springmvc] [main] q.SpringbootQuerySystemApplication       : Starting SpringbootQuerySystemApplication using Java 21.0.5 with PID 38080 (C:\Users\USER\SpringProject\springboot-QuerySystem\target\classes started by USER in C:\Users\USER\SpringProject\springboot-QuerySystem)
2024-11-30T22:47:59.995+08:00  INFO 38080 --- [springmvc] [main] q.SpringbootQuerySystemApplication       : No active profile set, falling back to 1 default profile: "default"
2024-11-30T22:48:00.419+08:00  INFO 38080 --- [springmvc] [main] .s.d.r.c.RepositoryConfigurationDelegate : Multiple Spring Data modules found, entering strict repository configuration mode
2024-11-30T22:48:00.420+08:00  INFO 38080 --- [springmvc] [main] .s.d.r.c.RepositoryConfigurationDelegate : Bootstrapping Spring Data JPA repositories in DEFAULT mode.
2024-11-30T22:48:00.465+08:00  INFO 38080 --- [springmvc] [main] .s.d.r.c.RepositoryConfigurationDelegate : Finished Spring Data repository scanning in 37 ms. Found 3 JPA repository interfaces.
2024-11-30T22:48:00.623+08:00  INFO 38080 --- [springmvc] [main] .s.d.r.c.RepositoryConfigurationDelegate : Multiple Spring Data modules found, entering strict repository configuration mode
2024-11-30T22:48:00.623+08:00  INFO 38080 --- [springmvc] [main] .s.d.r.c.RepositoryConfigurationDelegate : Bootstrapping Spring Data JDBC repositories in DEFAULT mode.
2024-11-30T22:48:00.645+08:00  INFO 38080 --- [springmvc] [main] .RepositoryConfigurationExtensionSupport : Spring Data JDBC - Could not safely identify store assignment for repository candidate interface querysystem.repository.OrderRepository; If you want this repository to be a JDBC repository, consider annotating your entities with one of these annotations: org.springframework.data.relational.core.mapping.Table.
2024-11-30T22:48:00.645+08:00  INFO 38080 --- [springmvc] [main] .RepositoryConfigurationExtensionSupport : Spring Data JDBC - Could not safely identify store assignment for repository candidate interface querysystem.repository.ProductRepository; If you want this repository to be a JDBC repository, consider annotating your entities with one of these annotations: org.springframework.data.relational.core.mapping.Table.
2024-11-30T22:48:00.646+08:00  INFO 38080 --- [springmvc] [main] .RepositoryConfigurationExtensionSupport : Spring Data JDBC - Could not safely identify store assignment for repository candidate interface querysystem.repository.UserRepository; If you want this repository to be a JDBC repository, consider annotating your entities with one of these annotations: org.springframework.data.relational.core.mapping.Table.
2024-11-30T22:48:00.646+08:00  INFO 38080 --- [springmvc] [main] .s.d.r.c.RepositoryConfigurationDelegate : Finished Spring Data repository scanning in 21 ms. Found 0 JDBC repository interfaces.
2024-11-30T22:48:01.104+08:00  INFO 38080 --- [springmvc] [main] o.s.b.w.embedded.tomcat.TomcatWebServer  : Tomcat initialized with port 8081 (http)
2024-11-30T22:48:01.121+08:00  INFO 38080 --- [springmvc] [main] o.apache.catalina.core.StandardService   : Starting service [Tomcat]
2024-11-30T22:48:01.121+08:00  INFO 38080 --- [springmvc] [main] o.apache.catalina.core.StandardEngine    : Starting Servlet engine: [Apache Tomcat/10.1.33]
2024-11-30T22:48:01.345+08:00  INFO 38080 --- [springmvc] [main] org.apache.jasper.servlet.TldScanner     : At least one JAR was scanned for TLDs yet contained no TLDs. Enable debug logging for this logger for a complete list of JARs that were scanned but no TLDs were found in them. Skipping unneeded JARs during scanning can improve startup time and JSP compilation time.
2024-11-30T22:48:01.351+08:00  INFO 38080 --- [springmvc] [main] o.a.c.c.C.[Tomcat].[localhost].[/]       : Initializing Spring embedded WebApplicationContext
2024-11-30T22:48:01.351+08:00  INFO 38080 --- [springmvc] [main] w.s.c.ServletWebServerApplicationContext : Root WebApplicationContext: initialization completed in 1296 ms
2024-11-30T22:48:01.484+08:00  INFO 38080 --- [springmvc] [main] o.hibernate.jpa.internal.util.LogHelper  : HHH000204: Processing PersistenceUnitInfo [name: default]
2024-11-30T22:48:01.555+08:00  INFO 38080 --- [springmvc] [main] org.hibernate.Version                    : HHH000412: Hibernate ORM core version 6.5.3.Final
2024-11-30T22:48:01.593+08:00  INFO 38080 --- [springmvc] [main] o.h.c.internal.RegionFactoryInitiator    : HHH000026: Second-level cache disabled
2024-11-30T22:48:01.919+08:00  INFO 38080 --- [springmvc] [main] o.s.o.j.p.SpringPersistenceUnitInfo      : No LoadTimeWeaver setup: ignoring JPA class transformer
2024-11-30T22:48:01.949+08:00  INFO 38080 --- [springmvc] [main] com.zaxxer.hikari.HikariDataSource       : HikariPool-1 - Starting...
2024-11-30T22:48:02.091+08:00  INFO 38080 --- [springmvc] [main] com.zaxxer.hikari.pool.HikariPool        : HikariPool-1 - Added connection com.mysql.cj.jdbc.ConnectionImpl@3c544c9
2024-11-30T22:48:02.093+08:00  INFO 38080 --- [springmvc] [main] com.zaxxer.hikari.HikariDataSource       : HikariPool-1 - Start completed.
2024-11-30T22:48:02.914+08:00  INFO 38080 --- [springmvc] [main] o.h.e.t.j.p.i.JtaPlatformInitiator       : HHH000489: No JTA platform available (set 'hibernate.transaction.jta.platform' to enable JTA platform integration)
2024-11-30T22:48:02.956+08:00  INFO 38080 --- [springmvc] [main] j.LocalContainerEntityManagerFactoryBean : Initialized JPA EntityManagerFactory for persistence unit 'default'
2024-11-30T22:48:03.154+08:00  INFO 38080 --- [springmvc] [main] o.s.d.j.r.query.QueryEnhancerFactory     : Hibernate is in classpath; If applicable, HQL parser will be used.
2024-11-30T22:48:03.780+08:00  WARN 38080 --- [springmvc] [main] JpaBaseConfiguration$JpaWebConfiguration : spring.jpa.open-in-view is enabled by default. Therefore, database queries may be performed during view rendering. Explicitly configure spring.jpa.open-in-view to disable this warning
2024-11-30T22:48:04.146+08:00  INFO 38080 --- [springmvc] [main] o.s.b.w.embedded.tomcat.TomcatWebServer  : Tomcat started on port 8081 (http) with context path '/'
2024-11-30T22:48:04.152+08:00  INFO 38080 --- [springmvc] [main] q.SpringbootQuerySystemApplication       : Started SpringbootQuerySystemApplication in 4.493 seconds (process running for 5.168)
2024-11-30T22:48:07.873+08:00  INFO 38080 --- [springmvc] [http-nio-8081-exec-1] o.a.c.c.C.[Tomcat].[localhost].[/]       : Initializing Spring DispatcherServlet 'dispatcherServlet'
2024-11-30T22:48:07.873+08:00  INFO 38080 --- [springmvc] [http-nio-8081-exec-1] o.s.web.servlet.DispatcherServlet        : Initializing Servlet 'dispatcherServlet'
2024-11-30T22:48:07.875+08:00  INFO 38080 --- [springmvc] [http-nio-8081-exec-1] o.s.web.servlet.DispatcherServlet        : Completed initialization in 1 ms
2024-11-30T22:58:38.322+08:00  INFO 38080 --- [springmvc] [RMI TCP Connection(18)-127.0.0.1] inMXBeanRegistrar$SpringApplicationAdmin : Application shutdown requested.
2024-11-30T22:58:38.339+08:00  INFO 38080 --- [springmvc] [RMI TCP Connection(18)-127.0.0.1] j.LocalContainerEntityManagerFactoryBean : Closing JPA EntityManagerFactory for persistence unit 'default'
2024-11-30T22:58:38.342+08:00  INFO 38080 --- [springmvc] [RMI TCP Connection(18)-127.0.0.1] com.zaxxer.hikari.HikariDataSource       : HikariPool-1 - Shutdown initiated...
2024-11-30T22:58:38.351+08:00  INFO 38080 --- [springmvc] [RMI TCP Connection(18)-127.0.0.1] com.zaxxer.hikari.HikariDataSource       : HikariPool-1 - Shutdown completed.
2024-11-30T22:58:40.347+08:00  INFO 25764 --- [springmvc] [main] q.SpringbootQuerySystemApplication       : Starting SpringbootQuerySystemApplication using Java 21.0.5 with PID 25764 (C:\Users\USER\SpringProject\springboot-QuerySystem\target\classes started by USER in C:\Users\USER\SpringProject\springboot-QuerySystem)
2024-11-30T22:58:40.350+08:00  INFO 25764 --- [springmvc] [main] q.SpringbootQuerySystemApplication       : No active profile set, falling back to 1 default profile: "default"
2024-11-30T22:58:40.741+08:00  INFO 25764 --- [springmvc] [main] .s.d.r.c.RepositoryConfigurationDelegate : Multiple Spring Data modules found, entering strict repository configuration mode
2024-11-30T22:58:40.741+08:00  INFO 25764 --- [springmvc] [main] .s.d.r.c.RepositoryConfigurationDelegate : Bootstrapping Spring Data JPA repositories in DEFAULT mode.
2024-11-30T22:58:40.782+08:00  INFO 25764 --- [springmvc] [main] .s.d.r.c.RepositoryConfigurationDelegate : Finished Spring Data repository scanning in 35 ms. Found 3 JPA repository interfaces.
2024-11-30T22:58:40.938+08:00  INFO 25764 --- [springmvc] [main] .s.d.r.c.RepositoryConfigurationDelegate : Multiple Spring Data modules found, entering strict repository configuration mode
2024-11-30T22:58:40.939+08:00  INFO 25764 --- [springmvc] [main] .s.d.r.c.RepositoryConfigurationDelegate : Bootstrapping Spring Data JDBC repositories in DEFAULT mode.
2024-11-30T22:58:40.953+08:00  INFO 25764 --- [springmvc] [main] .RepositoryConfigurationExtensionSupport : Spring Data JDBC - Could not safely identify store assignment for repository candidate interface querysystem.repository.OrderRepository; If you want this repository to be a JDBC repository, consider annotating your entities with one of these annotations: org.springframework.data.relational.core.mapping.Table.
2024-11-30T22:58:40.953+08:00  INFO 25764 --- [springmvc] [main] .RepositoryConfigurationExtensionSupport : Spring Data JDBC - Could not safely identify store assignment for repository candidate interface querysystem.repository.ProductRepository; If you want this repository to be a JDBC repository, consider annotating your entities with one of these annotations: org.springframework.data.relational.core.mapping.Table.
2024-11-30T22:58:40.954+08:00  INFO 25764 --- [springmvc] [main] .RepositoryConfigurationExtensionSupport : Spring Data JDBC - Could not safely identify store assignment for repository candidate interface querysystem.repository.UserRepository; If you want this repository to be a JDBC repository, consider annotating your entities with one of these annotations: org.springframework.data.relational.core.mapping.Table.
2024-11-30T22:58:40.954+08:00  INFO 25764 --- [springmvc] [main] .s.d.r.c.RepositoryConfigurationDelegate : Finished Spring Data repository scanning in 14 ms. Found 0 JDBC repository interfaces.
2024-11-30T22:58:41.358+08:00  INFO 25764 --- [springmvc] [main] o.s.b.w.embedded.tomcat.TomcatWebServer  : Tomcat initialized with port 8081 (http)
2024-11-30T22:58:41.371+08:00  INFO 25764 --- [springmvc] [main] o.apache.catalina.core.StandardService   : Starting service [Tomcat]
2024-11-30T22:58:41.371+08:00  INFO 25764 --- [springmvc] [main] o.apache.catalina.core.StandardEngine    : Starting Servlet engine: [Apache Tomcat/10.1.33]
2024-11-30T22:58:41.581+08:00  INFO 25764 --- [springmvc] [main] org.apache.jasper.servlet.TldScanner     : At least one JAR was scanned for TLDs yet contained no TLDs. Enable debug logging for this logger for a complete list of JARs that were scanned but no TLDs were found in them. Skipping unneeded JARs during scanning can improve startup time and JSP compilation time.
2024-11-30T22:58:41.588+08:00  INFO 25764 --- [springmvc] [main] o.a.c.c.C.[Tomcat].[localhost].[/]       : Initializing Spring embedded WebApplicationContext
2024-11-30T22:58:41.588+08:00  INFO 25764 --- [springmvc] [main] w.s.c.ServletWebServerApplicationContext : Root WebApplicationContext: initialization completed in 1194 ms
2024-11-30T22:58:41.708+08:00  INFO 25764 --- [springmvc] [main] o.hibernate.jpa.internal.util.LogHelper  : HHH000204: Processing PersistenceUnitInfo [name: default]
2024-11-30T22:58:41.756+08:00  INFO 25764 --- [springmvc] [main] org.hibernate.Version                    : HHH000412: Hibernate ORM core version 6.5.3.Final
2024-11-30T22:58:41.784+08:00  INFO 25764 --- [springmvc] [main] o.h.c.internal.RegionFactoryInitiator    : HHH000026: Second-level cache disabled
2024-11-30T22:58:42.048+08:00  INFO 25764 --- [springmvc] [main] o.s.o.j.p.SpringPersistenceUnitInfo      : No LoadTimeWeaver setup: ignoring JPA class transformer
2024-11-30T22:58:42.080+08:00  INFO 25764 --- [springmvc] [main] com.zaxxer.hikari.HikariDataSource       : HikariPool-1 - Starting...
2024-11-30T22:58:42.210+08:00  INFO 25764 --- [springmvc] [main] com.zaxxer.hikari.pool.HikariPool        : HikariPool-1 - Added connection com.mysql.cj.jdbc.ConnectionImpl@580ffea
2024-11-30T22:58:42.212+08:00  INFO 25764 --- [springmvc] [main] com.zaxxer.hikari.HikariDataSource       : HikariPool-1 - Start completed.
2024-11-30T22:58:42.946+08:00  INFO 25764 --- [springmvc] [main] o.h.e.t.j.p.i.JtaPlatformInitiator       : HHH000489: No JTA platform available (set 'hibernate.transaction.jta.platform' to enable JTA platform integration)
2024-11-30T22:58:42.988+08:00  INFO 25764 --- [springmvc] [main] j.LocalContainerEntityManagerFactoryBean : Initialized JPA EntityManagerFactory for persistence unit 'default'
2024-11-30T22:58:43.185+08:00  INFO 25764 --- [springmvc] [main] o.s.d.j.r.query.QueryEnhancerFactory     : Hibernate is in classpath; If applicable, HQL parser will be used.
2024-11-30T22:58:43.796+08:00  WARN 25764 --- [springmvc] [main] JpaBaseConfiguration$JpaWebConfiguration : spring.jpa.open-in-view is enabled by default. Therefore, database queries may be performed during view rendering. Explicitly configure spring.jpa.open-in-view to disable this warning
2024-11-30T22:58:44.148+08:00  INFO 25764 --- [springmvc] [main] o.s.b.w.embedded.tomcat.TomcatWebServer  : Tomcat started on port 8081 (http) with context path '/'
2024-11-30T22:58:44.153+08:00  INFO 25764 --- [springmvc] [main] q.SpringbootQuerySystemApplication       : Started SpringbootQuerySystemApplication in 4.136 seconds (process running for 4.75)
2024-11-30T22:58:48.522+08:00  INFO 25764 --- [springmvc] [http-nio-8081-exec-1] o.a.c.c.C.[Tomcat].[localhost].[/]       : Initializing Spring DispatcherServlet 'dispatcherServlet'
2024-11-30T22:58:48.522+08:00  INFO 25764 --- [springmvc] [http-nio-8081-exec-1] o.s.web.servlet.DispatcherServlet        : Initializing Servlet 'dispatcherServlet'
2024-11-30T22:58:48.523+08:00  INFO 25764 --- [springmvc] [http-nio-8081-exec-1] o.s.web.servlet.DispatcherServlet        : Completed initialization in 1 ms
2024-11-30T23:00:41.439+08:00  INFO 25764 --- [springmvc] [RMI TCP Connection(11)-127.0.0.1] inMXBeanRegistrar$SpringApplicationAdmin : Application shutdown requested.
2024-11-30T23:00:41.455+08:00  INFO 25764 --- [springmvc] [RMI TCP Connection(11)-127.0.0.1] j.LocalContainerEntityManagerFactoryBean : Closing JPA EntityManagerFactory for persistence unit 'default'
2024-11-30T23:00:41.457+08:00  INFO 25764 --- [springmvc] [RMI TCP Connection(11)-127.0.0.1] com.zaxxer.hikari.HikariDataSource       : HikariPool-1 - Shutdown initiated...
2024-11-30T23:00:41.464+08:00  INFO 25764 --- [springmvc] [RMI TCP Connection(11)-127.0.0.1] com.zaxxer.hikari.HikariDataSource       : HikariPool-1 - Shutdown completed.
2024-11-30T23:00:43.409+08:00  INFO 41572 --- [springmvc] [main] q.SpringbootQuerySystemApplication       : Starting SpringbootQuerySystemApplication using Java 21.0.5 with PID 41572 (C:\Users\USER\SpringProject\springboot-QuerySystem\target\classes started by USER in C:\Users\USER\SpringProject\springboot-QuerySystem)
2024-11-30T23:00:43.411+08:00  INFO 41572 --- [springmvc] [main] q.SpringbootQuerySystemApplication       : No active profile set, falling back to 1 default profile: "default"
2024-11-30T23:00:43.809+08:00  INFO 41572 --- [springmvc] [main] .s.d.r.c.RepositoryConfigurationDelegate : Multiple Spring Data modules found, entering strict repository configuration mode
2024-11-30T23:00:43.810+08:00  INFO 41572 --- [springmvc] [main] .s.d.r.c.RepositoryConfigurationDelegate : Bootstrapping Spring Data JPA repositories in DEFAULT mode.
2024-11-30T23:00:43.851+08:00  INFO 41572 --- [springmvc] [main] .s.d.r.c.RepositoryConfigurationDelegate : Finished Spring Data repository scanning in 35 ms. Found 3 JPA repository interfaces.
2024-11-30T23:00:44.024+08:00  INFO 41572 --- [springmvc] [main] .s.d.r.c.RepositoryConfigurationDelegate : Multiple Spring Data modules found, entering strict repository configuration mode
2024-11-30T23:00:44.024+08:00  INFO 41572 --- [springmvc] [main] .s.d.r.c.RepositoryConfigurationDelegate : Bootstrapping Spring Data JDBC repositories in DEFAULT mode.
2024-11-30T23:00:44.039+08:00  INFO 41572 --- [springmvc] [main] .RepositoryConfigurationExtensionSupport : Spring Data JDBC - Could not safely identify store assignment for repository candidate interface querysystem.repository.OrderRepository; If you want this repository to be a JDBC repository, consider annotating your entities with one of these annotations: org.springframework.data.relational.core.mapping.Table.
2024-11-30T23:00:44.039+08:00  INFO 41572 --- [springmvc] [main] .RepositoryConfigurationExtensionSupport : Spring Data JDBC - Could not safely identify store assignment for repository candidate interface querysystem.repository.ProductRepository; If you want this repository to be a JDBC repository, consider annotating your entities with one of these annotations: org.springframework.data.relational.core.mapping.Table.
2024-11-30T23:00:44.040+08:00  INFO 41572 --- [springmvc] [main] .RepositoryConfigurationExtensionSupport : Spring Data JDBC - Could not safely identify store assignment for repository candidate interface querysystem.repository.UserRepository; If you want this repository to be a JDBC repository, consider annotating your entities with one of these annotations: org.springframework.data.relational.core.mapping.Table.
2024-11-30T23:00:44.040+08:00  INFO 41572 --- [springmvc] [main] .s.d.r.c.RepositoryConfigurationDelegate : Finished Spring Data repository scanning in 15 ms. Found 0 JDBC repository interfaces.
2024-11-30T23:00:44.473+08:00  INFO 41572 --- [springmvc] [main] o.s.b.w.embedded.tomcat.TomcatWebServer  : Tomcat initialized with port 8081 (http)
2024-11-30T23:00:44.486+08:00  INFO 41572 --- [springmvc] [main] o.apache.catalina.core.StandardService   : Starting service [Tomcat]
2024-11-30T23:00:44.486+08:00  INFO 41572 --- [springmvc] [main] o.apache.catalina.core.StandardEngine    : Starting Servlet engine: [Apache Tomcat/10.1.33]
2024-11-30T23:00:44.720+08:00  INFO 41572 --- [springmvc] [main] org.apache.jasper.servlet.TldScanner     : At least one JAR was scanned for TLDs yet contained no TLDs. Enable debug logging for this logger for a complete list of JARs that were scanned but no TLDs were found in them. Skipping unneeded JARs during scanning can improve startup time and JSP compilation time.
2024-11-30T23:00:44.727+08:00  INFO 41572 --- [springmvc] [main] o.a.c.c.C.[Tomcat].[localhost].[/]       : Initializing Spring embedded WebApplicationContext
2024-11-30T23:00:44.727+08:00  INFO 41572 --- [springmvc] [main] w.s.c.ServletWebServerApplicationContext : Root WebApplicationContext: initialization completed in 1269 ms
2024-11-30T23:00:44.861+08:00  INFO 41572 --- [springmvc] [main] o.hibernate.jpa.internal.util.LogHelper  : HHH000204: Processing PersistenceUnitInfo [name: default]
2024-11-30T23:00:44.910+08:00  INFO 41572 --- [springmvc] [main] org.hibernate.Version                    : HHH000412: Hibernate ORM core version 6.5.3.Final
2024-11-30T23:00:44.938+08:00  INFO 41572 --- [springmvc] [main] o.h.c.internal.RegionFactoryInitiator    : HHH000026: Second-level cache disabled
2024-11-30T23:00:45.208+08:00  INFO 41572 --- [springmvc] [main] o.s.o.j.p.SpringPersistenceUnitInfo      : No LoadTimeWeaver setup: ignoring JPA class transformer
2024-11-30T23:00:45.233+08:00  INFO 41572 --- [springmvc] [main] com.zaxxer.hikari.HikariDataSource       : HikariPool-1 - Starting...
2024-11-30T23:00:45.370+08:00  INFO 41572 --- [springmvc] [main] com.zaxxer.hikari.pool.HikariPool        : HikariPool-1 - Added connection com.mysql.cj.jdbc.ConnectionImpl@63bca84d
2024-11-30T23:00:45.372+08:00  INFO 41572 --- [springmvc] [main] com.zaxxer.hikari.HikariDataSource       : HikariPool-1 - Start completed.
2024-11-30T23:00:46.119+08:00  INFO 41572 --- [springmvc] [main] o.h.e.t.j.p.i.JtaPlatformInitiator       : HHH000489: No JTA platform available (set 'hibernate.transaction.jta.platform' to enable JTA platform integration)
2024-11-30T23:00:46.165+08:00  INFO 41572 --- [springmvc] [main] j.LocalContainerEntityManagerFactoryBean : Initialized JPA EntityManagerFactory for persistence unit 'default'
2024-11-30T23:00:46.412+08:00  INFO 41572 --- [springmvc] [main] o.s.d.j.r.query.QueryEnhancerFactory     : Hibernate is in classpath; If applicable, HQL parser will be used.
2024-11-30T23:00:46.975+08:00  WARN 41572 --- [springmvc] [main] JpaBaseConfiguration$JpaWebConfiguration : spring.jpa.open-in-view is enabled by default. Therefore, database queries may be performed during view rendering. Explicitly configure spring.jpa.open-in-view to disable this warning
2024-11-30T23:00:47.358+08:00  INFO 41572 --- [springmvc] [main] o.s.b.w.embedded.tomcat.TomcatWebServer  : Tomcat started on port 8081 (http) with context path '/'
2024-11-30T23:00:47.364+08:00  INFO 41572 --- [springmvc] [main] q.SpringbootQuerySystemApplication       : Started SpringbootQuerySystemApplication in 4.302 seconds (process running for 4.874)
2024-11-30T23:00:50.886+08:00  INFO 41572 --- [springmvc] [http-nio-8081-exec-1] o.a.c.c.C.[Tomcat].[localhost].[/]       : Initializing Spring DispatcherServlet 'dispatcherServlet'
2024-11-30T23:00:50.886+08:00  INFO 41572 --- [springmvc] [http-nio-8081-exec-1] o.s.web.servlet.DispatcherServlet        : Initializing Servlet 'dispatcherServlet'
2024-11-30T23:00:50.887+08:00  INFO 41572 --- [springmvc] [http-nio-8081-exec-1] o.s.web.servlet.DispatcherServlet        : Completed initialization in 1 ms
2024-11-30T23:47:01.390+08:00  INFO 41572 --- [springmvc] [RMI TCP Connection(56)-127.0.0.1] inMXBeanRegistrar$SpringApplicationAdmin : Application shutdown requested.
2024-11-30T23:47:01.409+08:00  INFO 41572 --- [springmvc] [RMI TCP Connection(56)-127.0.0.1] j.LocalContainerEntityManagerFactoryBean : Closing JPA EntityManagerFactory for persistence unit 'default'
2024-11-30T23:47:01.411+08:00  INFO 41572 --- [springmvc] [RMI TCP Connection(56)-127.0.0.1] com.zaxxer.hikari.HikariDataSource       : HikariPool-1 - Shutdown initiated...
2024-11-30T23:47:01.413+08:00  INFO 41572 --- [springmvc] [RMI TCP Connection(56)-127.0.0.1] com.zaxxer.hikari.HikariDataSource       : HikariPool-1 - Shutdown completed.
2024-11-30T23:47:03.480+08:00  INFO 34580 --- [springmvc] [main] q.SpringbootQuerySystemApplication       : Starting SpringbootQuerySystemApplication using Java 21.0.5 with PID 34580 (C:\Users\USER\SpringProject\springboot-QuerySystem\target\classes started by USER in C:\Users\USER\SpringProject\springboot-QuerySystem)
2024-11-30T23:47:03.482+08:00  INFO 34580 --- [springmvc] [main] q.SpringbootQuerySystemApplication       : No active profile set, falling back to 1 default profile: "default"
2024-11-30T23:47:03.888+08:00  INFO 34580 --- [springmvc] [main] .s.d.r.c.RepositoryConfigurationDelegate : Multiple Spring Data modules found, entering strict repository configuration mode
2024-11-30T23:47:03.888+08:00  INFO 34580 --- [springmvc] [main] .s.d.r.c.RepositoryConfigurationDelegate : Bootstrapping Spring Data JPA repositories in DEFAULT mode.
2024-11-30T23:47:03.934+08:00  INFO 34580 --- [springmvc] [main] .s.d.r.c.RepositoryConfigurationDelegate : Finished Spring Data repository scanning in 39 ms. Found 3 JPA repository interfaces.
2024-11-30T23:47:04.098+08:00  INFO 34580 --- [springmvc] [main] .s.d.r.c.RepositoryConfigurationDelegate : Multiple Spring Data modules found, entering strict repository configuration mode
2024-11-30T23:47:04.099+08:00  INFO 34580 --- [springmvc] [main] .s.d.r.c.RepositoryConfigurationDelegate : Bootstrapping Spring Data JDBC repositories in DEFAULT mode.
2024-11-30T23:47:04.112+08:00  INFO 34580 --- [springmvc] [main] .RepositoryConfigurationExtensionSupport : Spring Data JDBC - Could not safely identify store assignment for repository candidate interface querysystem.repository.OrderRepository; If you want this repository to be a JDBC repository, consider annotating your entities with one of these annotations: org.springframework.data.relational.core.mapping.Table.
2024-11-30T23:47:04.113+08:00  INFO 34580 --- [springmvc] [main] .RepositoryConfigurationExtensionSupport : Spring Data JDBC - Could not safely identify store assignment for repository candidate interface querysystem.repository.ProductRepository; If you want this repository to be a JDBC repository, consider annotating your entities with one of these annotations: org.springframework.data.relational.core.mapping.Table.
2024-11-30T23:47:04.113+08:00  INFO 34580 --- [springmvc] [main] .RepositoryConfigurationExtensionSupport : Spring Data JDBC - Could not safely identify store assignment for repository candidate interface querysystem.repository.UserRepository; If you want this repository to be a JDBC repository, consider annotating your entities with one of these annotations: org.springframework.data.relational.core.mapping.Table.
2024-11-30T23:47:04.113+08:00  INFO 34580 --- [springmvc] [main] .s.d.r.c.RepositoryConfigurationDelegate : Finished Spring Data repository scanning in 14 ms. Found 0 JDBC repository interfaces.
2024-11-30T23:47:04.532+08:00  INFO 34580 --- [springmvc] [main] o.s.b.w.embedded.tomcat.TomcatWebServer  : Tomcat initialized with port 8081 (http)
2024-11-30T23:47:04.549+08:00  INFO 34580 --- [springmvc] [main] o.apache.catalina.core.StandardService   : Starting service [Tomcat]
2024-11-30T23:47:04.550+08:00  INFO 34580 --- [springmvc] [main] o.apache.catalina.core.StandardEngine    : Starting Servlet engine: [Apache Tomcat/10.1.33]
2024-11-30T23:47:04.755+08:00  INFO 34580 --- [springmvc] [main] org.apache.jasper.servlet.TldScanner     : At least one JAR was scanned for TLDs yet contained no TLDs. Enable debug logging for this logger for a complete list of JARs that were scanned but no TLDs were found in them. Skipping unneeded JARs during scanning can improve startup time and JSP compilation time.
2024-11-30T23:47:04.762+08:00  INFO 34580 --- [springmvc] [main] o.a.c.c.C.[Tomcat].[localhost].[/]       : Initializing Spring embedded WebApplicationContext
2024-11-30T23:47:04.762+08:00  INFO 34580 --- [springmvc] [main] w.s.c.ServletWebServerApplicationContext : Root WebApplicationContext: initialization completed in 1233 ms
2024-11-30T23:47:04.895+08:00  INFO 34580 --- [springmvc] [main] o.hibernate.jpa.internal.util.LogHelper  : HHH000204: Processing PersistenceUnitInfo [name: default]
2024-11-30T23:47:04.944+08:00  INFO 34580 --- [springmvc] [main] org.hibernate.Version                    : HHH000412: Hibernate ORM core version 6.5.3.Final
2024-11-30T23:47:04.971+08:00  INFO 34580 --- [springmvc] [main] o.h.c.internal.RegionFactoryInitiator    : HHH000026: Second-level cache disabled
2024-11-30T23:47:05.240+08:00  INFO 34580 --- [springmvc] [main] o.s.o.j.p.SpringPersistenceUnitInfo      : No LoadTimeWeaver setup: ignoring JPA class transformer
2024-11-30T23:47:05.264+08:00  INFO 34580 --- [springmvc] [main] com.zaxxer.hikari.HikariDataSource       : HikariPool-1 - Starting...
2024-11-30T23:47:05.397+08:00  INFO 34580 --- [springmvc] [main] com.zaxxer.hikari.pool.HikariPool        : HikariPool-1 - Added connection com.mysql.cj.jdbc.ConnectionImpl@580ffea
2024-11-30T23:47:05.399+08:00  INFO 34580 --- [springmvc] [main] com.zaxxer.hikari.HikariDataSource       : HikariPool-1 - Start completed.
2024-11-30T23:47:06.161+08:00  INFO 34580 --- [springmvc] [main] o.h.e.t.j.p.i.JtaPlatformInitiator       : HHH000489: No JTA platform available (set 'hibernate.transaction.jta.platform' to enable JTA platform integration)
2024-11-30T23:47:06.202+08:00  INFO 34580 --- [springmvc] [main] j.LocalContainerEntityManagerFactoryBean : Initialized JPA EntityManagerFactory for persistence unit 'default'
2024-11-30T23:47:06.403+08:00  INFO 34580 --- [springmvc] [main] o.s.d.j.r.query.QueryEnhancerFactory     : Hibernate is in classpath; If applicable, HQL parser will be used.
2024-11-30T23:47:07.015+08:00  WARN 34580 --- [springmvc] [main] JpaBaseConfiguration$JpaWebConfiguration : spring.jpa.open-in-view is enabled by default. Therefore, database queries may be performed during view rendering. Explicitly configure spring.jpa.open-in-view to disable this warning
2024-11-30T23:47:07.382+08:00  INFO 34580 --- [springmvc] [main] o.s.b.w.embedded.tomcat.TomcatWebServer  : Tomcat started on port 8081 (http) with context path '/'
2024-11-30T23:47:07.388+08:00  INFO 34580 --- [springmvc] [main] q.SpringbootQuerySystemApplication       : Started SpringbootQuerySystemApplication in 4.248 seconds (process running for 4.849)
2024-11-30T23:47:14.290+08:00  INFO 34580 --- [springmvc] [http-nio-8081-exec-1] o.a.c.c.C.[Tomcat].[localhost].[/]       : Initializing Spring DispatcherServlet 'dispatcherServlet'
2024-11-30T23:47:14.290+08:00  INFO 34580 --- [springmvc] [http-nio-8081-exec-1] o.s.web.servlet.DispatcherServlet        : Initializing Servlet 'dispatcherServlet'
2024-11-30T23:47:14.291+08:00  INFO 34580 --- [springmvc] [http-nio-8081-exec-1] o.s.web.servlet.DispatcherServlet        : Completed initialization in 1 ms
